<?xml version="1.0" encoding="UTF-8"?>
<!-- Generated by org.testng.reporters.JUnitReportReporter -->
<testsuite hostname="Mohammads-MacBook-Air.local" failures="0" tests="1" name="Runner.Runner" time="6.316" errors="0" timestamp="2025-03-06T13:43:25 GMT" skipped="0">
  <testcase classname="Runner.Runner" name="runScenario" time="6.316"/>
  <system-out/>
</testsuite> <!-- Runner.Runner -->
