<?xml version="1.0" encoding="UTF-8"?>
<!-- Generated by org.testng.reporters.JUnitReportReporter -->
<testsuite hostname="Mohammads-MacBook-Air.local" failures="0" tests="2" name="tests.LoginTest" time="21.806" errors="0" timestamp="2025-03-06T12:27:13 GMT" skipped="0">
  <testcase classname="tests.LoginTest" name="login" time="15.242"/>
  <system-out/>
  <testcase classname="tests.LoginTest" name="login" time="6.564"/>
  <system-out/>
</testsuite> <!-- tests.LoginTest -->
