<?xml version="1.0" encoding="UTF-8"?>
<!-- Generated by org.testng.reporters.JUnitReportReporter -->
<testsuite hostname="Mohammads-MacBook-Air.local" failures="0" tests="1" name="tests.TestTwo" time="0.004" errors="0" timestamp="2025-03-06T12:27:13 GMT" skipped="0">
  <testcase classname="tests.TestTwo" name="Twot" time="0.004"/>
  <system-out/>
</testsuite> <!-- tests.TestTwo -->
